Environment variables loaded from .env
Prisma schema loaded from prisma\schema.prisma
node.exe : Error: 
At C:\Program Files\no
dejs\npx.ps1:29 char:3
+   & $NODE_EXE 
$NPX_CLI_JS $args
+   ~~~~~~~~~~~~~~~~~~
~~~~~~~~~~~
    + CategoryInfo    
          : NotSpeci  
  fied: (Error: :St   
 ring) [], RemoteE    
xception
    + FullyQualifiedE 
   rrorId : NativeCo  
  mmandError
 
EPERM: operation not 
permitted, rename 'C:\
Users\zeyad\OneDrive\D
esktop\Digitiva\Raey\R
aey-Web\node_modules\.
prisma\client\query_en
gine-windows.dll.node.
tmp31108' -> 'C:\Users
\zeyad\OneDrive\Deskto
p\Digitiva\Raey\Raey-W
eb\node_modules\.prism
a\client\query_engine-
windows.dll.node'


